<?xml version="1.0" encoding="UTF-8"?>
<testng-results ignored="0" total="1" passed="1" failed="0" skipped="0">
  <reporter-output>
  </reporter-output>
  <suite started-at="2022-06-22T23:06:48 MSK" name="SingUpTest" finished-at="2022-06-22T23:07:07 MSK" duration-ms="19138">
    <groups>
    </groups>
    <test started-at="2022-06-22T23:06:48 MSK" name="Command line test" finished-at="2022-06-22T23:07:07 MSK" duration-ms="19138">
      <class name="SingUpTest">
        <test-method signature="zipCodeTest()[pri:0, instance:SingUpTest@6a472554]" started-at="2022-06-22T23:06:48 MSK" name="zipCodeTest" finished-at="2022-06-22T23:07:07 MSK" duration-ms="19057" status="PASS">
          <reporter-output>
          </reporter-output>
        </test-method> <!-- zipCodeTest -->
      </class> <!-- SingUpTest -->
    </test> <!-- Command line test -->
  </suite> <!-- SingUpTest -->
</testng-results>
